<testsuites name="jest tests" tests="49" failures="0" time="29.268">
  <testsuite name="Features" errors="0" failures="0" skipped="0" timestamp="2018-09-16T15:27:20" time="4.901" tests="2">
    <testcase classname="Features Home epic dispatches success action when successful" name="Features Home epic dispatches success action when successful" time="0.015">
    </testcase>
    <testcase classname="Features Home epic dispatches failed action when unsuccessful" name="Features Home epic dispatches failed action when unsuccessful" time="0.003">
    </testcase>
  </testsuite>
  <testsuite name="Features" errors="0" failures="0" skipped="0" timestamp="2018-09-16T15:27:25" time="0.295" tests="5">
    <testcase classname="Features Home Reducer should export" name="Features Home Reducer should export" time="0.002">
    </testcase>
    <testcase classname="Features Home Reducer should return the default state" name="Features Home Reducer should return the default state" time="0.001">
    </testcase>
    <testcase classname="Features Home Reducer should handle HOME_PAGE_REQUEST" name="Features Home Reducer should handle HOME_PAGE_REQUEST" time="0">
    </testcase>
    <testcase classname="Features Home Reducer should handle HOME_PAGE_SUCCESS" name="Features Home Reducer should handle HOME_PAGE_SUCCESS" time="0.001">
    </testcase>
    <testcase classname="Features Home Reducer should handle HOME_PAGE_FAILURE" name="Features Home Reducer should handle HOME_PAGE_FAILURE" time="0">
    </testcase>
  </testsuite>
  <testsuite name="Features" errors="0" failures="0" skipped="0" timestamp="2018-09-16T15:27:26" time="4.364" tests="2">
    <testcase classname="Features Home component should export a function" name="Features Home component should export a function" time="0.002">
    </testcase>
    <testcase classname="Features Home component should return content" name="Features Home component should return content" time="0.015">
    </testcase>
  </testsuite>
  <testsuite name="Server" errors="0" failures="0" skipped="0" timestamp="2018-09-16T15:27:31" time="2.066" tests="2">
    <testcase classname="Server Markup should export a function" name="Server Markup should export a function" time="0.002">
    </testcase>
    <testcase classname="Server Markup should return content" name="Server Markup should return content" time="0.003">
    </testcase>
  </testsuite>
  <testsuite name="Features" errors="0" failures="0" skipped="0" timestamp="2018-09-16T15:27:34" time="4.962" tests="3">
    <testcase classname="Features Root Container should export a connected component" name="Features Root Container should export a connected component" time="0.001">
    </testcase>
    <testcase classname="Features Root Container should connect" name="Features Root Container should connect" time="0.004">
    </testcase>
    <testcase classname="Features Root Container should render correctly" name="Features Root Container should render correctly" time="0.002">
    </testcase>
  </testsuite>
  <testsuite name="Server" errors="0" failures="0" skipped="0" timestamp="2018-09-16T15:27:39" time="1.469" tests="1">
    <testcase classname="Server Development options should export a function" name="Server Development options should export a function" time="0.003">
    </testcase>
  </testsuite>
  <testsuite name="Features" errors="0" failures="0" skipped="0" timestamp="2018-09-16T15:27:20" time="20.937" tests="7">
    <testcase classname="Features Home Container should export a Connected Component" name="Features Home Container should export a Connected Component" time="0.006">
    </testcase>
    <testcase classname="Features Home Container should connect" name="Features Home Container should connect" time="0.006">
    </testcase>
    <testcase classname="Features Home Container should dispatch request data action when fireInitialActions is called" name="Features Home Container should dispatch request data action when fireInitialActions is called" time="0.001">
    </testcase>
    <testcase classname="Features Home Container should not fetch data if there is data already" name="Features Home Container should not fetch data if there is data already" time="0.001">
    </testcase>
    <testcase classname="Features Home Container should fetch the data if there is no data already" name="Features Home Container should fetch the data if there is no data already" time="0.001">
    </testcase>
    <testcase classname="Features Home Container should update the props and store" name="Features Home Container should update the props and store" time="0.001">
    </testcase>
    <testcase classname="Features Home Container should return a component from the render prop with the correct props" name="Features Home Container should return a component from the render prop with the correct props" time="0.001">
    </testcase>
  </testsuite>
  <testsuite name="Components" errors="0" failures="0" skipped="0" timestamp="2018-09-16T15:27:41" time="0.432" tests="6">
    <testcase classname="Components ConditionalRender should export" name="Components ConditionalRender should export" time="0.002">
    </testcase>
    <testcase classname="Components ConditionalRender Appearance should render a standard conditionalRender" name="Components ConditionalRender Appearance should render a standard conditionalRender" time="0.01">
    </testcase>
    <testcase classname="Components ConditionalRender Appearance should render default loader when isFetching is true and loader is not recieved" name="Components ConditionalRender Appearance should render default loader when isFetching is true and loader is not recieved" time="0.006">
    </testcase>
    <testcase classname="Components ConditionalRender Appearance should render correct loader when isFetching is true and loader is recieved" name="Components ConditionalRender Appearance should render correct loader when isFetching is true and loader is recieved" time="0.027">
    </testcase>
    <testcase classname="Components ConditionalRender Appearance should call the loaded prop when isFetching is false and there is data" name="Components ConditionalRender Appearance should call the loaded prop when isFetching is false and there is data" time="0.002">
    </testcase>
    <testcase classname="Components ConditionalRender Appearance should push to 404 page when there is an error" name="Components ConditionalRender Appearance should push to 404 page when there is an error" time="0.001">
    </testcase>
  </testsuite>
  <testsuite name="Features" errors="0" failures="0" skipped="0" timestamp="2018-09-16T15:27:42" time="0.481" tests="2">
    <testcase classname="Features Root component should export a class" name="Features Root component should export a class" time="0.002">
    </testcase>
    <testcase classname="Features Root component Appearance should render correctly" name="Features Root component Appearance should render correctly" time="0.018">
    </testcase>
  </testsuite>
  <testsuite name="Helpers" errors="0" failures="0" skipped="0" timestamp="2018-09-16T15:27:42" time="0.358" tests="2">
    <testcase classname="Helpers apiHelper should export an api helper" name="Helpers apiHelper should export an api helper" time="0.002">
    </testcase>
    <testcase classname="Helpers apiHelper GET request should make a GET request to the given URL" name="Helpers apiHelper GET request should make a GET request to the given URL" time="0.001">
    </testcase>
  </testsuite>
  <testsuite name="Helpers" errors="0" failures="0" skipped="0" timestamp="2018-09-16T15:27:43" time="0.356" tests="2">
    <testcase classname="Helpers connect to store should export" name="Helpers connect to store should export" time="0.002">
    </testcase>
    <testcase classname="Helpers connect to store should connect a component" name="Helpers connect to store should connect a component" time="0.001">
    </testcase>
  </testsuite>
  <testsuite name="Components" errors="0" failures="0" skipped="0" timestamp="2018-09-16T15:27:43" time="0.307" tests="2">
    <testcase classname="Components LoaderOne should export" name="Components LoaderOne should export" time="0.001">
    </testcase>
    <testcase classname="Components LoaderOne Appearance should render" name="Components LoaderOne Appearance should render" time="0.002">
    </testcase>
  </testsuite>
  <testsuite name="Middleware" errors="0" failures="0" skipped="0" timestamp="2018-09-16T15:27:44" time="0.327" tests="3">
    <testcase classname="Middleware Observable to promise Has lifecycle meta should invoke next with action" name="Middleware Observable to promise Has lifecycle meta should invoke next with action" time="0.002">
    </testcase>
    <testcase classname="Middleware Observable to promise Has lifecycle meta should return a promise" name="Middleware Observable to promise Has lifecycle meta should return a promise" time="0">
    </testcase>
    <testcase classname="Middleware Observable to promise Has pending from previous call should return the next method" name="Middleware Observable to promise Has pending from previous call should return the next method" time="0.001">
    </testcase>
  </testsuite>
  <testsuite name="Components" errors="0" failures="0" skipped="0" timestamp="2018-09-16T15:27:43" time="1.867" tests="2">
    <testcase classname="Components PageNotFound should export" name="Components PageNotFound should export" time="0.002">
    </testcase>
    <testcase classname="Components PageNotFound Appearance should render copy" name="Components PageNotFound Appearance should render copy" time="0.003">
    </testcase>
  </testsuite>
  <testsuite name="Server" errors="0" failures="0" skipped="0" timestamp="2018-09-16T15:27:44" time="0.951" tests="3">
    <testcase classname="Server Routes should export a function" name="Server Routes should export a function" time="0.004">
    </testcase>
    <testcase classname="Server Routes should return an array with the matching fireInitialActions response if the routes match" name="Server Routes should return an array with the matching fireInitialActions response if the routes match" time="0.001">
    </testcase>
    <testcase classname="Server Routes should return an array with an empty promise if the matching fireInitialActions isnt a function" name="Server Routes should return an array with an empty promise if the matching fireInitialActions isnt a function" time="0">
    </testcase>
  </testsuite>
  <testsuite name="Components" errors="0" failures="0" skipped="0" timestamp="2018-09-16T15:27:46" time="0.292" tests="2">
    <testcase classname="Components LoaderDefault should export" name="Components LoaderDefault should export" time="0.002">
    </testcase>
    <testcase classname="Components LoaderDefault Appearance should render" name="Components LoaderDefault Appearance should render" time="0.001">
    </testcase>
  </testsuite>
  <testsuite name="Features" errors="0" failures="0" skipped="0" timestamp="2018-09-16T15:27:46" time="1.638" tests="3">
    <testcase classname="Features Home Actions HOME_PAGE_REQUEST should dispatch the HOME_PAGE_REQUEST action" name="Features Home Actions HOME_PAGE_REQUEST should dispatch the HOME_PAGE_REQUEST action" time="0.003">
    </testcase>
    <testcase classname="Features Home Actions HOME_PAGE_SUCCESS should dispatch the HOME_PAGE_SUCCESS action" name="Features Home Actions HOME_PAGE_SUCCESS should dispatch the HOME_PAGE_SUCCESS action" time="0">
    </testcase>
    <testcase classname="Features Home Actions HOME_PAGE_FAILURE should dispatch the HOME_PAGE_FAILURE action" name="Features Home Actions HOME_PAGE_FAILURE should dispatch the HOME_PAGE_FAILURE action" time="0.001">
    </testcase>
  </testsuite>
</testsuites>